<?xml version="1.0" encoding="UTF-8"?>
<testng-results ignored="0" total="6" passed="5" failed="1" skipped="0">
  <reporter-output>
  </reporter-output>
  <suite started-at="2023-02-28T09:16:09 IST" name="Suite" finished-at="2023-02-28T09:16:41 IST" duration-ms="31640">
    <groups>
    </groups>
    <test started-at="2023-02-28T09:16:09 IST" name="tests" finished-at="2023-02-28T09:16:41 IST" duration-ms="31640">
      <class name="testNG_TestCasses.LoginTestWithValidData">
        <test-method is-config="true" signature="launchBrowser()[pri:0, instance:testNG_TestCasses.LoginTestWithValidData@78e117e3]" started-at="2023-02-28T09:16:11 IST" name="launchBrowser" finished-at="2023-02-28T09:16:13 IST" duration-ms="2438" status="PASS">
          <reporter-output>
          </reporter-output>
        </test-method> <!-- launchBrowser -->
        <test-method is-config="true" signature="createPOMObjects()[pri:0, instance:testNG_TestCasses.LoginTestWithValidData@78e117e3]" started-at="2023-02-28T09:16:18 IST" name="createPOMObjects" finished-at="2023-02-28T09:16:18 IST" duration-ms="25" status="PASS">
          <reporter-output>
          </reporter-output>
        </test-method> <!-- createPOMObjects -->
        <test-method is-config="true" signature="enterURL()[pri:0, instance:testNG_TestCasses.LoginTestWithValidData@78e117e3]" started-at="2023-02-28T09:16:18 IST" name="enterURL" finished-at="2023-02-28T09:16:23 IST" duration-ms="4920" status="PASS">
          <reporter-output>
          </reporter-output>
        </test-method> <!-- enterURL -->
        <test-method signature="test1_VerifyLoginByPassingValidEmailAndPassword()[pri:0, instance:testNG_TestCasses.LoginTestWithValidData@78e117e3]" started-at="2023-02-28T09:16:23 IST" name="test1_VerifyLoginByPassingValidEmailAndPassword" finished-at="2023-02-28T09:16:27 IST" duration-ms="4629" status="PASS">
          <reporter-output>
          </reporter-output>
        </test-method> <!-- test1_VerifyLoginByPassingValidEmailAndPassword -->
        <test-method is-config="true" signature="getBackToHomePage(org.testng.ITestResult)[pri:0, instance:testNG_TestCasses.LoginTestWithValidData@78e117e3]" started-at="2023-02-28T09:16:27 IST" name="getBackToHomePage" finished-at="2023-02-28T09:16:29 IST" duration-ms="1658" status="PASS">
          <params>
            <param index="0">
              <value>
                <![CDATA[[TestResult name=test1_VerifyLoginByPassingValidEmailAndPassword status=SUCCESS method=LoginTestWithValidData.test1_VerifyLoginByPassingValidEmailAndPassword()[pri:0, instance:testNG_TestCasses.LoginTestWithValidData@78e117e3] output={null}]]]>
              </value>
            </param>
          </params>
          <reporter-output>
          </reporter-output>
        </test-method> <!-- getBackToHomePage -->
        <test-method is-config="true" signature="enterURL()[pri:0, instance:testNG_TestCasses.LoginTestWithValidData@78e117e3]" started-at="2023-02-28T09:16:29 IST" name="enterURL" finished-at="2023-02-28T09:16:31 IST" duration-ms="1896" status="PASS">
          <reporter-output>
          </reporter-output>
        </test-method> <!-- enterURL -->
        <test-method signature="test2_VerifyLoginByPassingValidMobileAndPassword()[pri:0, instance:testNG_TestCasses.LoginTestWithValidData@78e117e3]" started-at="2023-02-28T09:16:31 IST" name="test2_VerifyLoginByPassingValidMobileAndPassword" finished-at="2023-02-28T09:16:35 IST" duration-ms="4428" status="PASS">
          <reporter-output>
          </reporter-output>
        </test-method> <!-- test2_VerifyLoginByPassingValidMobileAndPassword -->
        <test-method is-config="true" signature="getBackToHomePage(org.testng.ITestResult)[pri:0, instance:testNG_TestCasses.LoginTestWithValidData@78e117e3]" started-at="2023-02-28T09:16:35 IST" name="getBackToHomePage" finished-at="2023-02-28T09:16:37 IST" duration-ms="1314" status="PASS">
          <params>
            <param index="0">
              <value>
                <![CDATA[[TestResult name=test2_VerifyLoginByPassingValidMobileAndPassword status=SUCCESS method=LoginTestWithValidData.test2_VerifyLoginByPassingValidMobileAndPassword()[pri:0, instance:testNG_TestCasses.LoginTestWithValidData@78e117e3] output={null}]]]>
              </value>
            </param>
          </params>
          <reporter-output>
          </reporter-output>
        </test-method> <!-- getBackToHomePage -->
        <test-method is-config="true" signature="removeObjects()[pri:0, instance:testNG_TestCasses.LoginTestWithValidData@78e117e3]" started-at="2023-02-28T09:16:37 IST" name="removeObjects" finished-at="2023-02-28T09:16:37 IST" duration-ms="0" status="PASS">
          <reporter-output>
          </reporter-output>
        </test-method> <!-- removeObjects -->
        <test-method is-config="true" signature="quitBrowser()[pri:0, instance:testNG_TestCasses.LoginTestWithValidData@78e117e3]" started-at="2023-02-28T09:16:40 IST" name="quitBrowser" finished-at="2023-02-28T09:16:40 IST" duration-ms="164" status="PASS">
          <reporter-output>
          </reporter-output>
        </test-method> <!-- quitBrowser -->
      </class> <!-- testNG_TestCasses.LoginTestWithValidData -->
      <class name="testNG_TestCasses.PDPTest">
        <test-method is-config="true" signature="launchBrowser()[pri:0, instance:testNG_TestCasses.PDPTest@1534f01b]" started-at="2023-02-28T09:16:13 IST" name="launchBrowser" finished-at="2023-02-28T09:16:15 IST" duration-ms="2320" status="PASS">
          <reporter-output>
          </reporter-output>
        </test-method> <!-- launchBrowser -->
        <test-method is-config="true" signature="createPOMObjects()[pri:0, instance:testNG_TestCasses.PDPTest@1534f01b]" started-at="2023-02-28T09:16:18 IST" name="createPOMObjects" finished-at="2023-02-28T09:16:18 IST" duration-ms="26" status="PASS">
          <reporter-output>
          </reporter-output>
        </test-method> <!-- createPOMObjects -->
        <test-method is-config="true" signature="enterURL()[pri:0, instance:testNG_TestCasses.PDPTest@1534f01b]" started-at="2023-02-28T09:16:18 IST" name="enterURL" finished-at="2023-02-28T09:16:25 IST" duration-ms="7118" status="PASS">
          <reporter-output>
          </reporter-output>
        </test-method> <!-- enterURL -->
        <test-method signature="test1_VerifyTheProductTest()[pri:0, instance:testNG_TestCasses.PDPTest@1534f01b]" started-at="2023-02-28T09:16:25 IST" name="test1_VerifyTheProductTest" finished-at="2023-02-28T09:16:38 IST" duration-ms="13341" status="FAIL">
          <exception class="java.lang.AssertionError">
            <message>
              <![CDATA[The following asserts failed:
expected [Amkette Evo Gamepad Pro 4 for Android | Instant Play | Bluetooth 4.0 | Extendable Smartphone Clamp | Works with COD, Mobile Legends, BGMI, LOLWR and Many More | (Iphone and Mediatek Devices not Supported) (Black)] but found [EvoFox Elite Ops Wireless Gamepad for Android TV, PC (X Input) and PS3 | Type-C Charging | 8+ Hours of Play Time | Zero Lag Connectivity Upto 12 Feets | Digital Triggers | USB Extender for TV Included | - Dusk Grey]]]>
            </message>
            <full-stacktrace>
              <![CDATA[java.lang.AssertionError: The following asserts failed:
expected [Amkette Evo Gamepad Pro 4 for Android | Instant Play | Bluetooth 4.0 | Extendable Smartphone Clamp | Works with COD, Mobile Legends, BGMI, LOLWR and Many More | (Iphone and Mediatek Devices not Supported) (Black)] but found [EvoFox Elite Ops Wireless Gamepad for Android TV, PC (X Input) and PS3 | Type-C Charging | 8+ Hours of Play Time | Zero Lag Connectivity Upto 12 Feets | Digital Triggers | USB Extender for TV Included | - Dusk Grey]
at org.testng.asserts.SoftAssert.assertAll(SoftAssert.java:47)
at org.testng.asserts.SoftAssert.assertAll(SoftAssert.java:31)
at testNG_TestCasses.PDPTest.test1_VerifyTheProductTest(PDPTest.java:88)
at java.base/jdk.internal.reflect.DirectMethodHandleAccessor.invoke(DirectMethodHandleAccessor.java:104)
at java.base/java.lang.reflect.Method.invoke(Method.java:578)
at org.testng.internal.MethodInvocationHelper.invokeMethod(MethodInvocationHelper.java:134)
at org.testng.internal.TestInvoker.invokeMethod(TestInvoker.java:597)
at org.testng.internal.TestInvoker.invokeTestMethod(TestInvoker.java:173)
at org.testng.internal.MethodRunner.runInSequence(MethodRunner.java:46)
at org.testng.internal.TestInvoker$MethodInvocationAgent.invoke(TestInvoker.java:816)
at org.testng.internal.TestInvoker.invokeTestMethods(TestInvoker.java:146)
at org.testng.internal.TestMethodWorker.invokeTestMethods(TestMethodWorker.java:146)
at org.testng.internal.TestMethodWorker.run(TestMethodWorker.java:128)
at java.base/java.util.concurrent.ThreadPoolExecutor.runWorker(ThreadPoolExecutor.java:1144)
at java.base/java.util.concurrent.ThreadPoolExecutor$Worker.run(ThreadPoolExecutor.java:642)
at java.base/java.lang.Thread.run(Thread.java:1589)
]]>
            </full-stacktrace>
          </exception> <!-- java.lang.AssertionError -->
          <reporter-output>
          </reporter-output>
        </test-method> <!-- test1_VerifyTheProductTest -->
        <test-method is-config="true" signature="getBackToHomePage(org.testng.ITestResult)[pri:0, instance:testNG_TestCasses.PDPTest@1534f01b]" started-at="2023-02-28T09:16:38 IST" name="getBackToHomePage" finished-at="2023-02-28T09:16:40 IST" duration-ms="1609" status="PASS">
          <params>
            <param index="0">
              <value>
                <![CDATA[[TestResult name=test1_VerifyTheProductTest status=FAILURE method=PDPTest.test1_VerifyTheProductTest()[pri:0, instance:testNG_TestCasses.PDPTest@1534f01b] output={null}]]]>
              </value>
            </param>
          </params>
          <reporter-output>
          </reporter-output>
        </test-method> <!-- getBackToHomePage -->
        <test-method is-config="true" signature="removeObjects()[pri:0, instance:testNG_TestCasses.PDPTest@1534f01b]" started-at="2023-02-28T09:16:40 IST" name="removeObjects" finished-at="2023-02-28T09:16:40 IST" duration-ms="1" status="PASS">
          <reporter-output>
          </reporter-output>
        </test-method> <!-- removeObjects -->
        <test-method is-config="true" signature="quitBrowser()[pri:0, instance:testNG_TestCasses.PDPTest@1534f01b]" started-at="2023-02-28T09:16:40 IST" name="quitBrowser" finished-at="2023-02-28T09:16:40 IST" duration-ms="238" status="PASS">
          <reporter-output>
          </reporter-output>
        </test-method> <!-- quitBrowser -->
      </class> <!-- testNG_TestCasses.PDPTest -->
      <class name="testNG_TestCasses.SearchAProductTest">
        <test-method is-config="true" signature="launchBrowser()[pri:0, instance:testNG_TestCasses.SearchAProductTest@65466a6a]" started-at="2023-02-28T09:16:15 IST" name="launchBrowser" finished-at="2023-02-28T09:16:18 IST" duration-ms="2381" status="PASS">
          <reporter-output>
          </reporter-output>
        </test-method> <!-- launchBrowser -->
        <test-method is-config="true" signature="createPOMObjects()[pri:0, instance:testNG_TestCasses.SearchAProductTest@65466a6a]" started-at="2023-02-28T09:16:18 IST" name="createPOMObjects" finished-at="2023-02-28T09:16:18 IST" duration-ms="25" status="PASS">
          <reporter-output>
          </reporter-output>
        </test-method> <!-- createPOMObjects -->
        <test-method is-config="true" signature="enterURL()[pri:0, instance:testNG_TestCasses.SearchAProductTest@65466a6a]" started-at="2023-02-28T09:16:18 IST" name="enterURL" finished-at="2023-02-28T09:16:24 IST" duration-ms="6153" status="PASS">
          <reporter-output>
          </reporter-output>
        </test-method> <!-- enterURL -->
        <test-method signature="test1_SearchAProductTest()[pri:0, instance:testNG_TestCasses.SearchAProductTest@65466a6a]" started-at="2023-02-28T09:16:24 IST" name="test1_SearchAProductTest" finished-at="2023-02-28T09:16:29 IST" duration-ms="4914" status="PASS">
          <reporter-output>
          </reporter-output>
        </test-method> <!-- test1_SearchAProductTest -->
        <test-method is-config="true" signature="getBackToHomePage(org.testng.ITestResult)[pri:0, instance:testNG_TestCasses.SearchAProductTest@65466a6a]" started-at="2023-02-28T09:16:29 IST" name="getBackToHomePage" finished-at="2023-02-28T09:16:30 IST" duration-ms="1696" status="PASS">
          <params>
            <param index="0">
              <value>
                <![CDATA[[TestResult name=test1_SearchAProductTest status=SUCCESS method=SearchAProductTest.test1_SearchAProductTest()[pri:0, instance:testNG_TestCasses.SearchAProductTest@65466a6a] output={null}]]]>
              </value>
            </param>
          </params>
          <reporter-output>
          </reporter-output>
        </test-method> <!-- getBackToHomePage -->
        <test-method is-config="true" signature="removeObjects()[pri:0, instance:testNG_TestCasses.SearchAProductTest@65466a6a]" started-at="2023-02-28T09:16:30 IST" name="removeObjects" finished-at="2023-02-28T09:16:30 IST" duration-ms="1" status="PASS">
          <reporter-output>
          </reporter-output>
        </test-method> <!-- removeObjects -->
        <test-method is-config="true" signature="quitBrowser()[pri:0, instance:testNG_TestCasses.SearchAProductTest@65466a6a]" started-at="2023-02-28T09:16:40 IST" name="quitBrowser" finished-at="2023-02-28T09:16:41 IST" duration-ms="173" status="PASS">
          <reporter-output>
          </reporter-output>
        </test-method> <!-- quitBrowser -->
      </class> <!-- testNG_TestCasses.SearchAProductTest -->
      <class name="testNG_TestCasses.LoginTestWithInvalidData">
        <test-method is-config="true" signature="launchBrowser()[pri:0, instance:testNG_TestCasses.LoginTestWithInvalidData@4ddced80]" started-at="2023-02-28T09:16:09 IST" name="launchBrowser" finished-at="2023-02-28T09:16:11 IST" duration-ms="1631" status="PASS">
          <reporter-output>
          </reporter-output>
        </test-method> <!-- launchBrowser -->
        <test-method is-config="true" signature="createPOMObjects()[pri:0, instance:testNG_TestCasses.LoginTestWithInvalidData@4ddced80]" started-at="2023-02-28T09:16:18 IST" name="createPOMObjects" finished-at="2023-02-28T09:16:18 IST" duration-ms="25" status="PASS">
          <reporter-output>
          </reporter-output>
        </test-method> <!-- createPOMObjects -->
        <test-method is-config="true" signature="enterURL()[pri:0, instance:testNG_TestCasses.LoginTestWithInvalidData@4ddced80]" started-at="2023-02-28T09:16:18 IST" name="enterURL" finished-at="2023-02-28T09:16:21 IST" duration-ms="3506" status="PASS">
          <reporter-output>
          </reporter-output>
        </test-method> <!-- enterURL -->
        <test-method signature="test1_VerifyLoginByPassingInValidEmailAndPassword()[pri:0, instance:testNG_TestCasses.LoginTestWithInvalidData@4ddced80]" started-at="2023-02-28T09:16:21 IST" name="test1_VerifyLoginByPassingInValidEmailAndPassword" finished-at="2023-02-28T09:16:25 IST" duration-ms="3892" status="PASS">
          <reporter-output>
          </reporter-output>
        </test-method> <!-- test1_VerifyLoginByPassingInValidEmailAndPassword -->
        <test-method is-config="true" signature="getBackToHomePage(org.testng.ITestResult)[pri:0, instance:testNG_TestCasses.LoginTestWithInvalidData@4ddced80]" started-at="2023-02-28T09:16:25 IST" name="getBackToHomePage" finished-at="2023-02-28T09:16:27 IST" duration-ms="1677" status="PASS">
          <params>
            <param index="0">
              <value>
                <![CDATA[[TestResult name=test1_VerifyLoginByPassingInValidEmailAndPassword status=SUCCESS method=LoginTestWithInvalidData.test1_VerifyLoginByPassingInValidEmailAndPassword()[pri:0, instance:testNG_TestCasses.LoginTestWithInvalidData@4ddced80] output={null}]]]>
              </value>
            </param>
          </params>
          <reporter-output>
          </reporter-output>
        </test-method> <!-- getBackToHomePage -->
        <test-method is-config="true" signature="enterURL()[pri:0, instance:testNG_TestCasses.LoginTestWithInvalidData@4ddced80]" started-at="2023-02-28T09:16:27 IST" name="enterURL" finished-at="2023-02-28T09:16:29 IST" duration-ms="2152" status="PASS">
          <reporter-output>
          </reporter-output>
        </test-method> <!-- enterURL -->
        <test-method signature="test2_VerifyLoginByPassingInValidMobileAndPassword()[pri:0, instance:testNG_TestCasses.LoginTestWithInvalidData@4ddced80]" started-at="2023-02-28T09:16:29 IST" name="test2_VerifyLoginByPassingInValidMobileAndPassword" finished-at="2023-02-28T09:16:30 IST" duration-ms="883" status="PASS">
          <reporter-output>
          </reporter-output>
        </test-method> <!-- test2_VerifyLoginByPassingInValidMobileAndPassword -->
        <test-method is-config="true" signature="getBackToHomePage(org.testng.ITestResult)[pri:0, instance:testNG_TestCasses.LoginTestWithInvalidData@4ddced80]" started-at="2023-02-28T09:16:30 IST" name="getBackToHomePage" finished-at="2023-02-28T09:16:31 IST" duration-ms="1352" status="PASS">
          <params>
            <param index="0">
              <value>
                <![CDATA[[TestResult name=test2_VerifyLoginByPassingInValidMobileAndPassword status=SUCCESS method=LoginTestWithInvalidData.test2_VerifyLoginByPassingInValidMobileAndPassword()[pri:0, instance:testNG_TestCasses.LoginTestWithInvalidData@4ddced80] output={null}]]]>
              </value>
            </param>
          </params>
          <reporter-output>
          </reporter-output>
        </test-method> <!-- getBackToHomePage -->
        <test-method is-config="true" signature="removeObjects()[pri:0, instance:testNG_TestCasses.LoginTestWithInvalidData@4ddced80]" started-at="2023-02-28T09:16:31 IST" name="removeObjects" finished-at="2023-02-28T09:16:31 IST" duration-ms="1" status="PASS">
          <reporter-output>
          </reporter-output>
        </test-method> <!-- removeObjects -->
        <test-method is-config="true" signature="quitBrowser()[pri:0, instance:testNG_TestCasses.LoginTestWithInvalidData@4ddced80]" started-at="2023-02-28T09:16:40 IST" name="quitBrowser" finished-at="2023-02-28T09:16:40 IST" duration-ms="181" status="PASS">
          <reporter-output>
          </reporter-output>
        </test-method> <!-- quitBrowser -->
      </class> <!-- testNG_TestCasses.LoginTestWithInvalidData -->
    </test> <!-- tests -->
  </suite> <!-- Suite -->
</testng-results>
